<?xml version="1.0" encoding="UTF-8"?>
<coverage generated="1567795741229" clover="3.2.0">
  <project timestamp="1567795741230" name="All files">
    <metrics statements="134" coveredstatements="105" conditionals="39" coveredconditionals="21" methods="29" coveredmethods="21" elements="202" coveredelements="147" complexity="0" loc="134" ncloc="134" packages="1" files="2" classes="2"/>
    <file name="md-links-terminal.js" path="/mnt/c/Users/saler/Documents/Programacion/SCL010-md-links/md-links-terminal.js">
      <metrics statements="38" coveredstatements="16" conditionals="14" coveredconditionals="1" methods="8" coveredmethods="1"/>
      <line num="2" count="1" type="stmt"/>
      <line num="3" count="1" type="stmt"/>
      <line num="5" count="1" type="stmt"/>
      <line num="6" count="1" type="stmt"/>
      <line num="9" count="1" type="stmt"/>
      <line num="17" count="1" type="stmt"/>
      <line num="20" count="1" type="stmt"/>
      <line num="21" count="1" type="stmt"/>
      <line num="22" count="1" type="stmt"/>
      <line num="23" count="1" type="stmt"/>
      <line num="24" count="1" type="stmt"/>
      <line num="27" count="1" type="stmt"/>
      <line num="28" count="0" type="stmt"/>
      <line num="29" count="0" type="stmt"/>
      <line num="30" count="0" type="cond" truecount="0" falsecount="2"/>
      <line num="32" count="0" type="stmt"/>
      <line num="33" count="0" type="stmt"/>
      <line num="35" count="0" type="stmt"/>
      <line num="36" count="0" type="stmt"/>
      <line num="37" count="0" type="stmt"/>
      <line num="38" count="0" type="cond" truecount="0" falsecount="2"/>
      <line num="39" count="0" type="stmt"/>
      <line num="40" count="0" type="cond" truecount="0" falsecount="2"/>
      <line num="41" count="0" type="stmt"/>
      <line num="42" count="0" type="stmt"/>
      <line num="45" count="0" type="stmt"/>
      <line num="46" count="0" type="stmt"/>
      <line num="51" count="0" type="stmt"/>
      <line num="56" count="0" type="cond" truecount="0" falsecount="2"/>
      <line num="60" count="1" type="cond" truecount="1" falsecount="1"/>
      <line num="61" count="0" type="stmt"/>
      <line num="65" count="0" type="cond" truecount="0" falsecount="2"/>
      <line num="66" count="0" type="stmt"/>
      <line num="68" count="0" type="stmt"/>
      <line num="69" count="0" type="stmt"/>
      <line num="79" count="1" type="stmt"/>
      <line num="80" count="1" type="stmt"/>
      <line num="81" count="1" type="stmt"/>
    </file>
    <file name="md-links.js" path="/mnt/c/Users/saler/Documents/Programacion/SCL010-md-links/md-links.js">
      <metrics statements="96" coveredstatements="89" conditionals="25" coveredconditionals="20" methods="21" coveredmethods="20"/>
      <line num="2" count="2" type="stmt"/>
      <line num="3" count="2" type="stmt"/>
      <line num="4" count="2" type="stmt"/>
      <line num="5" count="2" type="stmt"/>
      <line num="6" count="2" type="stmt"/>
      <line num="7" count="2" type="stmt"/>
      <line num="8" count="2" type="stmt"/>
      <line num="12" count="2" type="stmt"/>
      <line num="28" count="5" type="stmt"/>
      <line num="32" count="5" type="cond" truecount="2" falsecount="0"/>
      <line num="33" count="4" type="stmt"/>
      <line num="35" count="1" type="stmt"/>
      <line num="36" count="1" type="stmt"/>
      <line num="37" count="1" type="stmt"/>
      <line num="42" count="1" type="stmt"/>
      <line num="50" count="23" type="stmt"/>
      <line num="52" count="23" type="stmt"/>
      <line num="53" count="23" type="stmt"/>
      <line num="54" count="23" type="stmt"/>
      <line num="60" count="5" type="stmt"/>
      <line num="61" count="5" type="stmt"/>
      <line num="62" count="16" type="cond" truecount="2" falsecount="0"/>
      <line num="63" count="8" type="stmt"/>
      <line num="66" count="5" type="stmt"/>
      <line num="70" count="9" type="stmt"/>
      <line num="71" count="9" type="stmt"/>
      <line num="72" count="27" type="stmt"/>
      <line num="74" count="9" type="stmt"/>
      <line num="75" count="9" type="stmt"/>
      <line num="79" count="45" type="stmt"/>
      <line num="80" count="45" type="stmt"/>
      <line num="81" count="45" type="stmt"/>
      <line num="82" count="45" type="cond" truecount="1" falsecount="1"/>
      <line num="83" count="0" type="stmt"/>
      <line num="85" count="45" type="stmt"/>
      <line num="89" count="45" type="stmt"/>
      <line num="90" count="45" type="stmt"/>
      <line num="91" count="45" type="stmt"/>
      <line num="92" count="45" type="stmt"/>
      <line num="96" count="16" type="stmt"/>
      <line num="97" count="16" type="stmt"/>
      <line num="101" count="16" type="stmt"/>
      <line num="102" count="16" type="stmt"/>
      <line num="104" count="16" type="stmt"/>
      <line num="105" count="16" type="stmt"/>
      <line num="106" count="272" type="stmt"/>
      <line num="107" count="272" type="cond" truecount="4" falsecount="0"/>
      <line num="108" count="44" type="stmt"/>
      <line num="111" count="44" type="stmt"/>
      <line num="117" count="44" type="cond" truecount="2" falsecount="0"/>
      <line num="118" count="22" type="stmt"/>
      <line num="119" count="22" type="cond" truecount="2" falsecount="0"/>
      <line num="121" count="44" type="stmt"/>
      <line num="122" count="44" type="stmt"/>
      <line num="124" count="272" type="stmt"/>
      <line num="126" count="16" type="cond" truecount="2" falsecount="0"/>
      <line num="127" count="8" type="stmt"/>
      <line num="128" count="8" type="stmt"/>
      <line num="129" count="8" type="stmt"/>
      <line num="130" count="8" type="cond" truecount="2" falsecount="0"/>
      <line num="131" count="4" type="stmt"/>
      <line num="133" count="8" type="stmt"/>
      <line num="135" count="8" type="stmt"/>
      <line num="140" count="4" type="stmt"/>
      <line num="141" count="4" type="stmt"/>
      <line num="142" count="4" type="stmt"/>
      <line num="143" count="8" type="stmt"/>
      <line num="145" count="4" type="stmt"/>
      <line num="146" count="4" type="stmt"/>
      <line num="147" count="4" type="stmt"/>
      <line num="148" count="8" type="cond" truecount="2" falsecount="0"/>
      <line num="149" count="4" type="stmt"/>
      <line num="151" count="10" type="stmt"/>
      <line num="154" count="4" type="stmt"/>
      <line num="161" count="2" type="cond" truecount="0" falsecount="1"/>
      <line num="162" count="4" type="stmt"/>
      <line num="163" count="4" type="stmt"/>
      <line num="164" count="4" type="cond" truecount="1" falsecount="1"/>
      <line num="165" count="4" type="stmt"/>
      <line num="166" count="4" type="stmt"/>
      <line num="168" count="0" type="stmt"/>
      <line num="169" count="0" type="stmt"/>
      <line num="170" count="0" type="stmt"/>
      <line num="171" count="0" type="cond" truecount="0" falsecount="2"/>
      <line num="172" count="0" type="stmt"/>
      <line num="174" count="0" type="stmt"/>
      <line num="180" count="2" type="stmt"/>
      <line num="181" count="2" type="stmt"/>
      <line num="182" count="2" type="stmt"/>
      <line num="183" count="2" type="stmt"/>
      <line num="184" count="2" type="stmt"/>
      <line num="185" count="2" type="stmt"/>
      <line num="186" count="2" type="stmt"/>
      <line num="187" count="2" type="stmt"/>
      <line num="188" count="2" type="stmt"/>
      <line num="189" count="2" type="stmt"/>
    </file>
  </project>
</coverage>
