{"/mnt/c/Users/saler/Documents/Programacion/SCL010-md-links/md-links.js": {"path":"/mnt/c/Users/saler/Documents/Programacion/SCL010-md-links/md-links.js","statementMap":{"0":{"start":{"line":2,"column":11},"end":{"line":2,"column":24}},"1":{"start":{"line":3,"column":17},"end":{"line":3,"column":36}},"2":{"start":{"line":4,"column":18},"end":{"line":4,"column":38}},"3":{"start":{"line":5,"column":14},"end":{"line":5,"column":30}},"4":{"start":{"line":6,"column":17},"end":{"line":6,"column":31}},"5":{"start":{"line":7,"column":13},"end":{"line":7,"column":28}},"6":{"start":{"line":8,"column":14},"end":{"line":8,"column":30}},"7":{"start":{"line":12,"column":12},"end":{"line":23,"column":1}},"8":{"start":{"line":28,"column":2},"end":{"line":28,"column":44}},"9":{"start":{"line":32,"column":2},"end":{"line":38,"column":3}},"10":{"start":{"line":33,"column":4},"end":{"line":33,"column":17}},"11":{"start":{"line":35,"column":4},"end":{"line":35,"column":34}},"12":{"start":{"line":36,"column":4},"end":{"line":36,"column":32}},"13":{"start":{"line":37,"column":4},"end":{"line":37,"column":17}},"14":{"start":{"line":42,"column":2},"end":{"line":46,"column":12}},"15":{"start":{"line":50,"column":2},"end":{"line":56,"column":5}},"16":{"start":{"line":52,"column":4},"end":{"line":55,"column":7}},"17":{"start":{"line":53,"column":6},"end":{"line":53,"column":27}},"18":{"start":{"line":54,"column":6},"end":{"line":54,"column":22}},"19":{"start":{"line":60,"column":27},"end":{"line":60,"column":28}},"20":{"start":{"line":61,"column":2},"end":{"line":65,"column":5}},"21":{"start":{"line":62,"column":4},"end":{"line":64,"column":5}},"22":{"start":{"line":63,"column":6},"end":{"line":63,"column":27}},"23":{"start":{"line":66,"column":2},"end":{"line":66,"column":28}},"24":{"start":{"line":70,"column":14},"end":{"line":70,"column":16}},"25":{"start":{"line":71,"column":2},"end":{"line":73,"column":5}},"26":{"start":{"line":72,"column":4},"end":{"line":72,"column":26}},"27":{"start":{"line":74,"column":20},"end":{"line":74,"column":39}},"28":{"start":{"line":75,"column":2},"end":{"line":75,"column":28}},"29":{"start":{"line":79,"column":13},"end":{"line":79,"column":31}},"30":{"start":{"line":80,"column":2},"end":{"line":80,"column":28}},"31":{"start":{"line":81,"column":26},"end":{"line":81,"column":28}},"32":{"start":{"line":82,"column":2},"end":{"line":84,"column":3}},"33":{"start":{"line":83,"column":4},"end":{"line":83,"column":46}},"34":{"start":{"line":85,"column":2},"end":{"line":85,"column":14}},"35":{"start":{"line":89,"column":12},"end":{"line":89,"column":34}},"36":{"start":{"line":90,"column":2},"end":{"line":90,"column":21}},"37":{"start":{"line":91,"column":2},"end":{"line":91,"column":26}},"38":{"start":{"line":92,"column":2},"end":{"line":92,"column":13}},"39":{"start":{"line":96,"column":21},"end":{"line":96,"column":46}},"40":{"start":{"line":97,"column":13},"end":{"line":100,"column":4}},"41":{"start":{"line":101,"column":21},"end":{"line":101,"column":22}},"42":{"start":{"line":102,"column":22},"end":{"line":102,"column":23}},"43":{"start":{"line":104,"column":14},"end":{"line":104,"column":16}},"44":{"start":{"line":105,"column":2},"end":{"line":125,"column":3}},"45":{"start":{"line":106,"column":26},"end":{"line":106,"column":28}},"46":{"start":{"line":107,"column":4},"end":{"line":123,"column":5}},"47":{"start":{"line":108,"column":16},"end":{"line":108,"column":36}},"48":{"start":{"line":111,"column":6},"end":{"line":116,"column":8}},"49":{"start":{"line":117,"column":6},"end":{"line":120,"column":7}},"50":{"start":{"line":118,"column":8},"end":{"line":118,"column":53}},"51":{"start":{"line":119,"column":8},"end":{"line":119,"column":74}},"52":{"start":{"line":121,"column":6},"end":{"line":121,"column":22}},"53":{"start":{"line":122,"column":6},"end":{"line":122,"column":34}},"54":{"start":{"line":124,"column":4},"end":{"line":124,"column":19}},"55":{"start":{"line":126,"column":2},"end":{"line":136,"column":3}},"56":{"start":{"line":127,"column":17},"end":{"line":127,"column":19}},"57":{"start":{"line":128,"column":4},"end":{"line":128,"column":55}},"58":{"start":{"line":129,"column":4},"end":{"line":129,"column":62}},"59":{"start":{"line":130,"column":4},"end":{"line":132,"column":5}},"60":{"start":{"line":131,"column":6},"end":{"line":131,"column":62}},"61":{"start":{"line":133,"column":4},"end":{"line":133,"column":18}},"62":{"start":{"line":135,"column":4},"end":{"line":135,"column":17}},"63":{"start":{"line":140,"column":2},"end":{"line":156,"column":5}},"64":{"start":{"line":141,"column":26},"end":{"line":141,"column":28}},"65":{"start":{"line":142,"column":4},"end":{"line":144,"column":5}},"66":{"start":{"line":142,"column":17},"end":{"line":142,"column":18}},"67":{"start":{"line":143,"column":6},"end":{"line":143,"column":72}},"68":{"start":{"line":145,"column":4},"end":{"line":155,"column":7}},"69":{"start":{"line":146,"column":19},"end":{"line":146,"column":21}},"70":{"start":{"line":147,"column":6},"end":{"line":153,"column":9}},"71":{"start":{"line":148,"column":8},"end":{"line":152,"column":9}},"72":{"start":{"line":149,"column":10},"end":{"line":149,"column":33}},"73":{"start":{"line":151,"column":10},"end":{"line":151,"column":55}},"74":{"start":{"line":151,"column":36},"end":{"line":151,"column":53}},"75":{"start":{"line":154,"column":6},"end":{"line":154,"column":22}},"76":{"start":{"line":161,"column":0},"end":{"line":179,"column":2}},"77":{"start":{"line":162,"column":2},"end":{"line":178,"column":5}},"78":{"start":{"line":163,"column":17},"end":{"line":163,"column":46}},"79":{"start":{"line":164,"column":4},"end":{"line":177,"column":5}},"80":{"start":{"line":165,"column":21},"end":{"line":165,"column":40}},"81":{"start":{"line":166,"column":6},"end":{"line":166,"column":52}},"82":{"start":{"line":168,"column":21},"end":{"line":168,"column":40}},"83":{"start":{"line":169,"column":21},"end":{"line":169,"column":51}},"84":{"start":{"line":170,"column":6},"end":{"line":176,"column":9}},"85":{"start":{"line":171,"column":8},"end":{"line":175,"column":9}},"86":{"start":{"line":172,"column":10},"end":{"line":172,"column":59}},"87":{"start":{"line":174,"column":10},"end":{"line":174,"column":53}},"88":{"start":{"line":180,"column":0},"end":{"line":180,"column":65}},"89":{"start":{"line":181,"column":0},"end":{"line":181,"column":45}},"90":{"start":{"line":182,"column":0},"end":{"line":182,"column":53}},"91":{"start":{"line":183,"column":0},"end":{"line":183,"column":59}},"92":{"start":{"line":184,"column":0},"end":{"line":184,"column":65}},"93":{"start":{"line":185,"column":0},"end":{"line":185,"column":35}}},"fnMap":{"0":{"name":"checkMdFilesOrDirectory","decl":{"start":{"line":27,"column":9},"end":{"line":27,"column":32}},"loc":{"start":{"line":27,"column":39},"end":{"line":29,"column":1}},"line":27},"1":{"name":"absoluteRoute","decl":{"start":{"line":31,"column":9},"end":{"line":31,"column":22}},"loc":{"start":{"line":31,"column":30},"end":{"line":39,"column":1}},"line":31},"2":{"name":"getFileFromDirectory","decl":{"start":{"line":41,"column":9},"end":{"line":41,"column":29}},"loc":{"start":{"line":41,"column":41},"end":{"line":47,"column":1}},"line":41},"3":{"name":"validate","decl":{"start":{"line":49,"column":9},"end":{"line":49,"column":17}},"loc":{"start":{"line":49,"column":24},"end":{"line":57,"column":1}},"line":49},"4":{"name":"(anonymous_4)","decl":{"start":{"line":50,"column":21},"end":{"line":50,"column":22}},"loc":{"start":{"line":50,"column":42},"end":{"line":56,"column":3}},"line":50},"5":{"name":"(anonymous_5)","decl":{"start":{"line":52,"column":19},"end":{"line":52,"column":20}},"loc":{"start":{"line":52,"column":47},"end":{"line":55,"column":5}},"line":52},"6":{"name":"brokenLinks","decl":{"start":{"line":59,"column":9},"end":{"line":59,"column":20}},"loc":{"start":{"line":59,"column":28},"end":{"line":67,"column":1}},"line":59},"7":{"name":"(anonymous_7)","decl":{"start":{"line":61,"column":16},"end":{"line":61,"column":17}},"loc":{"start":{"line":61,"column":24},"end":{"line":65,"column":3}},"line":61},"8":{"name":"uniqueLinks","decl":{"start":{"line":69,"column":9},"end":{"line":69,"column":20}},"loc":{"start":{"line":69,"column":28},"end":{"line":76,"column":1}},"line":69},"9":{"name":"(anonymous_9)","decl":{"start":{"line":71,"column":16},"end":{"line":71,"column":17}},"loc":{"start":{"line":71,"column":24},"end":{"line":73,"column":3}},"line":71},"10":{"name":"getTextFromLine","decl":{"start":{"line":78,"column":9},"end":{"line":78,"column":24}},"loc":{"start":{"line":78,"column":31},"end":{"line":86,"column":1}},"line":78},"11":{"name":"getUrlFromLine","decl":{"start":{"line":88,"column":9},"end":{"line":88,"column":23}},"loc":{"start":{"line":88,"column":30},"end":{"line":93,"column":1}},"line":88},"12":{"name":"processLineByLine","decl":{"start":{"line":95,"column":15},"end":{"line":95,"column":32}},"loc":{"start":{"line":95,"column":48},"end":{"line":137,"column":1}},"line":95},"13":{"name":"getLinksWhenIsDirectory","decl":{"start":{"line":139,"column":9},"end":{"line":139,"column":32}},"loc":{"start":{"line":139,"column":56},"end":{"line":157,"column":1}},"line":139},"14":{"name":"(anonymous_14)","decl":{"start":{"line":140,"column":21},"end":{"line":140,"column":22}},"loc":{"start":{"line":140,"column":42},"end":{"line":156,"column":3}},"line":140},"15":{"name":"(anonymous_15)","decl":{"start":{"line":145,"column":45},"end":{"line":145,"column":46}},"loc":{"start":{"line":145,"column":65},"end":{"line":155,"column":5}},"line":145},"16":{"name":"(anonymous_16)","decl":{"start":{"line":147,"column":31},"end":{"line":147,"column":32}},"loc":{"start":{"line":147,"column":44},"end":{"line":153,"column":7}},"line":147},"17":{"name":"(anonymous_17)","decl":{"start":{"line":151,"column":28},"end":{"line":151,"column":29}},"loc":{"start":{"line":151,"column":36},"end":{"line":151,"column":53}},"line":151},"18":{"name":"(anonymous_18)","decl":{"start":{"line":161,"column":17},"end":{"line":161,"column":18}},"loc":{"start":{"line":161,"column":72},"end":{"line":179,"column":1}},"line":161},"19":{"name":"(anonymous_19)","decl":{"start":{"line":162,"column":21},"end":{"line":162,"column":22}},"loc":{"start":{"line":162,"column":42},"end":{"line":178,"column":3}},"line":162},"20":{"name":"(anonymous_20)","decl":{"start":{"line":170,"column":20},"end":{"line":170,"column":21}},"loc":{"start":{"line":170,"column":29},"end":{"line":176,"column":7}},"line":170}},"branchMap":{"0":{"loc":{"start":{"line":32,"column":2},"end":{"line":38,"column":3}},"type":"if","locations":[{"start":{"line":32,"column":2},"end":{"line":38,"column":3}},{"start":{"line":32,"column":2},"end":{"line":38,"column":3}}],"line":32},"1":{"loc":{"start":{"line":62,"column":4},"end":{"line":64,"column":5}},"type":"if","locations":[{"start":{"line":62,"column":4},"end":{"line":64,"column":5}},{"start":{"line":62,"column":4},"end":{"line":64,"column":5}}],"line":62},"2":{"loc":{"start":{"line":82,"column":2},"end":{"line":84,"column":3}},"type":"if","locations":[{"start":{"line":82,"column":2},"end":{"line":84,"column":3}},{"start":{"line":82,"column":2},"end":{"line":84,"column":3}}],"line":82},"3":{"loc":{"start":{"line":107,"column":4},"end":{"line":123,"column":5}},"type":"if","locations":[{"start":{"line":107,"column":4},"end":{"line":123,"column":5}},{"start":{"line":107,"column":4},"end":{"line":123,"column":5}}],"line":107},"4":{"loc":{"start":{"line":107,"column":8},"end":{"line":107,"column":52}},"type":"binary-expr","locations":[{"start":{"line":107,"column":8},"end":{"line":107,"column":30}},{"start":{"line":107,"column":34},"end":{"line":107,"column":52}}],"line":107},"5":{"loc":{"start":{"line":117,"column":6},"end":{"line":120,"column":7}},"type":"if","locations":[{"start":{"line":117,"column":6},"end":{"line":120,"column":7}},{"start":{"line":117,"column":6},"end":{"line":120,"column":7}}],"line":117},"6":{"loc":{"start":{"line":119,"column":29},"end":{"line":119,"column":73}},"type":"cond-expr","locations":[{"start":{"line":119,"column":60},"end":{"line":119,"column":66}},{"start":{"line":119,"column":69},"end":{"line":119,"column":73}}],"line":119},"7":{"loc":{"start":{"line":126,"column":2},"end":{"line":136,"column":3}},"type":"if","locations":[{"start":{"line":126,"column":2},"end":{"line":136,"column":3}},{"start":{"line":126,"column":2},"end":{"line":136,"column":3}}],"line":126},"8":{"loc":{"start":{"line":130,"column":4},"end":{"line":132,"column":5}},"type":"if","locations":[{"start":{"line":130,"column":4},"end":{"line":132,"column":5}},{"start":{"line":130,"column":4},"end":{"line":132,"column":5}}],"line":130},"9":{"loc":{"start":{"line":148,"column":8},"end":{"line":152,"column":9}},"type":"if","locations":[{"start":{"line":148,"column":8},"end":{"line":152,"column":9}},{"start":{"line":148,"column":8},"end":{"line":152,"column":9}}],"line":148},"10":{"loc":{"start":{"line":161,"column":24},"end":{"line":161,"column":67}},"type":"default-arg","locations":[{"start":{"line":161,"column":34},"end":{"line":161,"column":67}}],"line":161},"11":{"loc":{"start":{"line":164,"column":4},"end":{"line":177,"column":5}},"type":"if","locations":[{"start":{"line":164,"column":4},"end":{"line":177,"column":5}},{"start":{"line":164,"column":4},"end":{"line":177,"column":5}}],"line":164},"12":{"loc":{"start":{"line":171,"column":8},"end":{"line":175,"column":9}},"type":"if","locations":[{"start":{"line":171,"column":8},"end":{"line":175,"column":9}},{"start":{"line":171,"column":8},"end":{"line":175,"column":9}}],"line":171}},"s":{"0":1,"1":1,"2":1,"3":1,"4":1,"5":1,"6":1,"7":1,"8":1,"9":1,"10":0,"11":1,"12":1,"13":1,"14":1,"15":1,"16":1,"17":1,"18":1,"19":0,"20":0,"21":0,"22":0,"23":0,"24":0,"25":0,"26":0,"27":0,"28":0,"29":0,"30":0,"31":0,"32":0,"33":0,"34":0,"35":0,"36":0,"37":0,"38":0,"39":0,"40":0,"41":0,"42":0,"43":0,"44":0,"45":0,"46":0,"47":0,"48":0,"49":0,"50":0,"51":0,"52":0,"53":0,"54":0,"55":0,"56":0,"57":0,"58":0,"59":0,"60":0,"61":0,"62":0,"63":0,"64":0,"65":0,"66":0,"67":0,"68":0,"69":0,"70":0,"71":0,"72":0,"73":0,"74":0,"75":0,"76":1,"77":0,"78":0,"79":0,"80":0,"81":0,"82":0,"83":0,"84":0,"85":0,"86":0,"87":0,"88":1,"89":1,"90":1,"91":1,"92":1,"93":1},"f":{"0":1,"1":1,"2":1,"3":1,"4":1,"5":1,"6":0,"7":0,"8":0,"9":0,"10":0,"11":0,"12":0,"13":0,"14":0,"15":0,"16":0,"17":0,"18":0,"19":0,"20":0},"b":{"0":[0,1],"1":[0,0],"2":[0,0],"3":[0,0],"4":[0,0],"5":[0,0],"6":[0,0],"7":[0,0],"8":[0,0],"9":[0,0],"10":[0],"11":[0,0],"12":[0,0]},"_coverageSchema":"43e27e138ebf9cfc5966b082cf9a028302ed4184","hash":"2e82af914207645dd98840555a8b11c42e3dfb79"}
}
