{"/mnt/c/Users/saler/Documents/Programacion/SCL010-md-links/md-links-terminal.js": {"path":"/mnt/c/Users/saler/Documents/Programacion/SCL010-md-links/md-links-terminal.js","statementMap":{"0":{"start":{"line":3,"column":16},"end":{"line":3,"column":37}},"1":{"start":{"line":4,"column":18},"end":{"line":4,"column":38}},"2":{"start":{"line":5,"column":14},"end":{"line":5,"column":30}},"3":{"start":{"line":7,"column":16},"end":{"line":7,"column":39}},"4":{"start":{"line":8,"column":0},"end":{"line":8,"column":72}},"5":{"start":{"line":11,"column":0},"end":{"line":16,"column":4}},"6":{"start":{"line":19,"column":0},"end":{"line":19,"column":28}},"7":{"start":{"line":23,"column":15},"end":{"line":23,"column":17}},"8":{"start":{"line":24,"column":2},"end":{"line":24,"column":37}},"9":{"start":{"line":25,"column":2},"end":{"line":25,"column":31}},"10":{"start":{"line":27,"column":2},"end":{"line":27,"column":16}},"11":{"start":{"line":30,"column":21},"end":{"line":65,"column":1}},"12":{"start":{"line":31,"column":15},"end":{"line":31,"column":63}},"13":{"start":{"line":32,"column":2},"end":{"line":32,"column":28}},"14":{"start":{"line":33,"column":2},"end":{"line":61,"column":3}},"15":{"start":{"line":35,"column":4},"end":{"line":35,"column":54}},"16":{"start":{"line":36,"column":4},"end":{"line":36,"column":80}},"17":{"start":{"line":38,"column":4},"end":{"line":38,"column":54}},"18":{"start":{"line":39,"column":19},"end":{"line":39,"column":57}},"19":{"start":{"line":40,"column":4},"end":{"line":60,"column":7}},"20":{"start":{"line":41,"column":6},"end":{"line":59,"column":7}},"21":{"start":{"line":42,"column":8},"end":{"line":56,"column":11}},"22":{"start":{"line":43,"column":10},"end":{"line":55,"column":11}},"23":{"start":{"line":44,"column":12},"end":{"line":46,"column":15}},"24":{"start":{"line":45,"column":14},"end":{"line":45,"column":33}},"25":{"start":{"line":48,"column":12},"end":{"line":54,"column":15}},"26":{"start":{"line":49,"column":14},"end":{"line":53,"column":16}},"27":{"start":{"line":58,"column":8},"end":{"line":58,"column":51}},"28":{"start":{"line":63,"column":2},"end":{"line":64,"column":3}},"29":{"start":{"line":67,"column":0},"end":{"line":69,"column":1}},"30":{"start":{"line":68,"column":2},"end":{"line":68,"column":17}},"31":{"start":{"line":72,"column":2},"end":{"line":84,"column":3}},"32":{"start":{"line":73,"column":4},"end":{"line":73,"column":26}},"33":{"start":{"line":75,"column":4},"end":{"line":83,"column":7}},"34":{"start":{"line":76,"column":6},"end":{"line":82,"column":8}},"35":{"start":{"line":88,"column":0},"end":{"line":88,"column":47}},"36":{"start":{"line":89,"column":0},"end":{"line":89,"column":43}},"37":{"start":{"line":90,"column":0},"end":{"line":90,"column":49}}},"fnMap":{"0":{"name":"selectedOption","decl":{"start":{"line":22,"column":9},"end":{"line":22,"column":23}},"loc":{"start":{"line":22,"column":26},"end":{"line":28,"column":1}},"line":22},"1":{"name":"(anonymous_1)","decl":{"start":{"line":30,"column":21},"end":{"line":30,"column":22}},"loc":{"start":{"line":30,"column":27},"end":{"line":65,"column":1}},"line":30},"2":{"name":"(anonymous_2)","decl":{"start":{"line":40,"column":18},"end":{"line":40,"column":19}},"loc":{"start":{"line":40,"column":27},"end":{"line":60,"column":5}},"line":40},"3":{"name":"(anonymous_3)","decl":{"start":{"line":42,"column":60},"end":{"line":42,"column":61}},"loc":{"start":{"line":42,"column":69},"end":{"line":56,"column":9}},"line":42},"4":{"name":"(anonymous_4)","decl":{"start":{"line":44,"column":26},"end":{"line":44,"column":27}},"loc":{"start":{"line":44,"column":35},"end":{"line":46,"column":13}},"line":44},"5":{"name":"(anonymous_5)","decl":{"start":{"line":48,"column":26},"end":{"line":48,"column":27}},"loc":{"start":{"line":48,"column":34},"end":{"line":54,"column":13}},"line":48},"6":{"name":"printInTerminal","decl":{"start":{"line":71,"column":9},"end":{"line":71,"column":24}},"loc":{"start":{"line":71,"column":35},"end":{"line":85,"column":1}},"line":71},"7":{"name":"(anonymous_7)","decl":{"start":{"line":75,"column":21},"end":{"line":75,"column":22}},"loc":{"start":{"line":75,"column":29},"end":{"line":83,"column":5}},"line":75}},"branchMap":{"0":{"loc":{"start":{"line":33,"column":2},"end":{"line":61,"column":3}},"type":"if","locations":[{"start":{"line":33,"column":2},"end":{"line":61,"column":3}},{"start":{"line":33,"column":2},"end":{"line":61,"column":3}}],"line":33},"1":{"loc":{"start":{"line":41,"column":6},"end":{"line":59,"column":7}},"type":"if","locations":[{"start":{"line":41,"column":6},"end":{"line":59,"column":7}},{"start":{"line":41,"column":6},"end":{"line":59,"column":7}}],"line":41},"2":{"loc":{"start":{"line":43,"column":10},"end":{"line":55,"column":11}},"type":"if","locations":[{"start":{"line":43,"column":10},"end":{"line":55,"column":11}},{"start":{"line":43,"column":10},"end":{"line":55,"column":11}}],"line":43},"3":{"loc":{"start":{"line":63,"column":2},"end":{"line":64,"column":3}},"type":"if","locations":[{"start":{"line":63,"column":2},"end":{"line":64,"column":3}},{"start":{"line":63,"column":2},"end":{"line":64,"column":3}}],"line":63},"4":{"loc":{"start":{"line":67,"column":0},"end":{"line":69,"column":1}},"type":"if","locations":[{"start":{"line":67,"column":0},"end":{"line":69,"column":1}},{"start":{"line":67,"column":0},"end":{"line":69,"column":1}}],"line":67},"5":{"loc":{"start":{"line":72,"column":2},"end":{"line":84,"column":3}},"type":"if","locations":[{"start":{"line":72,"column":2},"end":{"line":84,"column":3}},{"start":{"line":72,"column":2},"end":{"line":84,"column":3}}],"line":72},"6":{"loc":{"start":{"line":78,"column":10},"end":{"line":80,"column":16}},"type":"cond-expr","locations":[{"start":{"line":79,"column":14},"end":{"line":79,"column":67}},{"start":{"line":80,"column":14},"end":{"line":80,"column":16}}],"line":78}},"s":{"0":1,"1":1,"2":1,"3":1,"4":1,"5":1,"6":1,"7":1,"8":1,"9":1,"10":1,"11":1,"12":0,"13":0,"14":0,"15":0,"16":0,"17":0,"18":0,"19":0,"20":0,"21":0,"22":0,"23":0,"24":0,"25":0,"26":0,"27":0,"28":0,"29":1,"30":0,"31":0,"32":0,"33":0,"34":0,"35":1,"36":1,"37":1},"f":{"0":1,"1":0,"2":0,"3":0,"4":0,"5":0,"6":0,"7":0},"b":{"0":[0,0],"1":[0,0],"2":[0,0],"3":[0,0],"4":[0,1],"5":[0,0],"6":[0,0]},"_coverageSchema":"43e27e138ebf9cfc5966b082cf9a028302ed4184","hash":"27ad2424839f9a627c54d386ad34ae930d751c1e"}
,"/mnt/c/Users/saler/Documents/Programacion/SCL010-md-links/md-links.js": {"path":"/mnt/c/Users/saler/Documents/Programacion/SCL010-md-links/md-links.js","statementMap":{"0":{"start":{"line":2,"column":11},"end":{"line":2,"column":24}},"1":{"start":{"line":3,"column":17},"end":{"line":3,"column":36}},"2":{"start":{"line":4,"column":18},"end":{"line":4,"column":38}},"3":{"start":{"line":5,"column":14},"end":{"line":5,"column":30}},"4":{"start":{"line":6,"column":17},"end":{"line":6,"column":31}},"5":{"start":{"line":7,"column":13},"end":{"line":7,"column":28}},"6":{"start":{"line":8,"column":14},"end":{"line":8,"column":30}},"7":{"start":{"line":12,"column":12},"end":{"line":23,"column":1}},"8":{"start":{"line":28,"column":2},"end":{"line":28,"column":44}},"9":{"start":{"line":32,"column":2},"end":{"line":38,"column":3}},"10":{"start":{"line":33,"column":4},"end":{"line":33,"column":17}},"11":{"start":{"line":35,"column":4},"end":{"line":35,"column":34}},"12":{"start":{"line":36,"column":4},"end":{"line":36,"column":32}},"13":{"start":{"line":37,"column":4},"end":{"line":37,"column":17}},"14":{"start":{"line":42,"column":2},"end":{"line":46,"column":12}},"15":{"start":{"line":50,"column":2},"end":{"line":56,"column":5}},"16":{"start":{"line":52,"column":4},"end":{"line":55,"column":7}},"17":{"start":{"line":53,"column":6},"end":{"line":53,"column":27}},"18":{"start":{"line":54,"column":6},"end":{"line":54,"column":22}},"19":{"start":{"line":60,"column":27},"end":{"line":60,"column":28}},"20":{"start":{"line":61,"column":2},"end":{"line":65,"column":5}},"21":{"start":{"line":62,"column":4},"end":{"line":64,"column":5}},"22":{"start":{"line":63,"column":6},"end":{"line":63,"column":27}},"23":{"start":{"line":66,"column":2},"end":{"line":66,"column":28}},"24":{"start":{"line":70,"column":14},"end":{"line":70,"column":16}},"25":{"start":{"line":71,"column":2},"end":{"line":73,"column":5}},"26":{"start":{"line":72,"column":4},"end":{"line":72,"column":26}},"27":{"start":{"line":74,"column":20},"end":{"line":74,"column":39}},"28":{"start":{"line":75,"column":2},"end":{"line":75,"column":28}},"29":{"start":{"line":79,"column":13},"end":{"line":79,"column":31}},"30":{"start":{"line":80,"column":2},"end":{"line":80,"column":28}},"31":{"start":{"line":81,"column":26},"end":{"line":81,"column":28}},"32":{"start":{"line":82,"column":2},"end":{"line":84,"column":3}},"33":{"start":{"line":83,"column":4},"end":{"line":83,"column":46}},"34":{"start":{"line":85,"column":2},"end":{"line":85,"column":14}},"35":{"start":{"line":89,"column":12},"end":{"line":89,"column":34}},"36":{"start":{"line":90,"column":2},"end":{"line":90,"column":21}},"37":{"start":{"line":91,"column":2},"end":{"line":91,"column":26}},"38":{"start":{"line":92,"column":2},"end":{"line":92,"column":13}},"39":{"start":{"line":96,"column":21},"end":{"line":96,"column":46}},"40":{"start":{"line":97,"column":13},"end":{"line":100,"column":4}},"41":{"start":{"line":101,"column":21},"end":{"line":101,"column":22}},"42":{"start":{"line":102,"column":22},"end":{"line":102,"column":23}},"43":{"start":{"line":104,"column":14},"end":{"line":104,"column":16}},"44":{"start":{"line":105,"column":2},"end":{"line":125,"column":3}},"45":{"start":{"line":106,"column":26},"end":{"line":106,"column":28}},"46":{"start":{"line":107,"column":4},"end":{"line":123,"column":5}},"47":{"start":{"line":108,"column":16},"end":{"line":108,"column":36}},"48":{"start":{"line":111,"column":6},"end":{"line":116,"column":8}},"49":{"start":{"line":117,"column":6},"end":{"line":120,"column":7}},"50":{"start":{"line":118,"column":8},"end":{"line":118,"column":53}},"51":{"start":{"line":119,"column":8},"end":{"line":119,"column":74}},"52":{"start":{"line":121,"column":6},"end":{"line":121,"column":22}},"53":{"start":{"line":122,"column":6},"end":{"line":122,"column":34}},"54":{"start":{"line":124,"column":4},"end":{"line":124,"column":19}},"55":{"start":{"line":126,"column":2},"end":{"line":136,"column":3}},"56":{"start":{"line":127,"column":17},"end":{"line":127,"column":19}},"57":{"start":{"line":128,"column":4},"end":{"line":128,"column":54}},"58":{"start":{"line":129,"column":4},"end":{"line":129,"column":61}},"59":{"start":{"line":130,"column":4},"end":{"line":132,"column":5}},"60":{"start":{"line":131,"column":6},"end":{"line":131,"column":61}},"61":{"start":{"line":133,"column":4},"end":{"line":133,"column":18}},"62":{"start":{"line":135,"column":4},"end":{"line":135,"column":17}},"63":{"start":{"line":140,"column":2},"end":{"line":156,"column":5}},"64":{"start":{"line":141,"column":26},"end":{"line":141,"column":28}},"65":{"start":{"line":142,"column":4},"end":{"line":144,"column":5}},"66":{"start":{"line":142,"column":17},"end":{"line":142,"column":18}},"67":{"start":{"line":143,"column":6},"end":{"line":143,"column":72}},"68":{"start":{"line":145,"column":4},"end":{"line":155,"column":7}},"69":{"start":{"line":146,"column":19},"end":{"line":146,"column":21}},"70":{"start":{"line":147,"column":6},"end":{"line":153,"column":9}},"71":{"start":{"line":148,"column":8},"end":{"line":152,"column":9}},"72":{"start":{"line":149,"column":10},"end":{"line":149,"column":33}},"73":{"start":{"line":151,"column":10},"end":{"line":151,"column":55}},"74":{"start":{"line":151,"column":36},"end":{"line":151,"column":53}},"75":{"start":{"line":154,"column":6},"end":{"line":154,"column":22}},"76":{"start":{"line":161,"column":0},"end":{"line":179,"column":2}},"77":{"start":{"line":162,"column":2},"end":{"line":178,"column":5}},"78":{"start":{"line":163,"column":17},"end":{"line":163,"column":46}},"79":{"start":{"line":164,"column":4},"end":{"line":177,"column":5}},"80":{"start":{"line":165,"column":21},"end":{"line":165,"column":40}},"81":{"start":{"line":166,"column":6},"end":{"line":166,"column":52}},"82":{"start":{"line":168,"column":21},"end":{"line":168,"column":40}},"83":{"start":{"line":169,"column":21},"end":{"line":169,"column":51}},"84":{"start":{"line":170,"column":6},"end":{"line":176,"column":9}},"85":{"start":{"line":171,"column":8},"end":{"line":175,"column":9}},"86":{"start":{"line":172,"column":10},"end":{"line":172,"column":59}},"87":{"start":{"line":174,"column":10},"end":{"line":174,"column":53}},"88":{"start":{"line":180,"column":0},"end":{"line":180,"column":65}},"89":{"start":{"line":181,"column":0},"end":{"line":181,"column":45}},"90":{"start":{"line":182,"column":0},"end":{"line":182,"column":53}},"91":{"start":{"line":183,"column":0},"end":{"line":183,"column":59}},"92":{"start":{"line":184,"column":0},"end":{"line":184,"column":65}},"93":{"start":{"line":185,"column":0},"end":{"line":185,"column":35}},"94":{"start":{"line":186,"column":0},"end":{"line":186,"column":41}},"95":{"start":{"line":187,"column":0},"end":{"line":187,"column":41}},"96":{"start":{"line":188,"column":0},"end":{"line":188,"column":49}},"97":{"start":{"line":189,"column":0},"end":{"line":189,"column":47}}},"fnMap":{"0":{"name":"checkMdFilesOrDirectory","decl":{"start":{"line":27,"column":9},"end":{"line":27,"column":32}},"loc":{"start":{"line":27,"column":39},"end":{"line":29,"column":1}},"line":27},"1":{"name":"absoluteRoute","decl":{"start":{"line":31,"column":9},"end":{"line":31,"column":22}},"loc":{"start":{"line":31,"column":30},"end":{"line":39,"column":1}},"line":31},"2":{"name":"getFileFromDirectory","decl":{"start":{"line":41,"column":9},"end":{"line":41,"column":29}},"loc":{"start":{"line":41,"column":41},"end":{"line":47,"column":1}},"line":41},"3":{"name":"validate","decl":{"start":{"line":49,"column":9},"end":{"line":49,"column":17}},"loc":{"start":{"line":49,"column":24},"end":{"line":57,"column":1}},"line":49},"4":{"name":"(anonymous_4)","decl":{"start":{"line":50,"column":21},"end":{"line":50,"column":22}},"loc":{"start":{"line":50,"column":42},"end":{"line":56,"column":3}},"line":50},"5":{"name":"(anonymous_5)","decl":{"start":{"line":52,"column":19},"end":{"line":52,"column":20}},"loc":{"start":{"line":52,"column":47},"end":{"line":55,"column":5}},"line":52},"6":{"name":"brokenLinks","decl":{"start":{"line":59,"column":9},"end":{"line":59,"column":20}},"loc":{"start":{"line":59,"column":28},"end":{"line":67,"column":1}},"line":59},"7":{"name":"(anonymous_7)","decl":{"start":{"line":61,"column":16},"end":{"line":61,"column":17}},"loc":{"start":{"line":61,"column":24},"end":{"line":65,"column":3}},"line":61},"8":{"name":"uniqueLinks","decl":{"start":{"line":69,"column":9},"end":{"line":69,"column":20}},"loc":{"start":{"line":69,"column":28},"end":{"line":76,"column":1}},"line":69},"9":{"name":"(anonymous_9)","decl":{"start":{"line":71,"column":16},"end":{"line":71,"column":17}},"loc":{"start":{"line":71,"column":24},"end":{"line":73,"column":3}},"line":71},"10":{"name":"getTextFromLine","decl":{"start":{"line":78,"column":9},"end":{"line":78,"column":24}},"loc":{"start":{"line":78,"column":31},"end":{"line":86,"column":1}},"line":78},"11":{"name":"getUrlFromLine","decl":{"start":{"line":88,"column":9},"end":{"line":88,"column":23}},"loc":{"start":{"line":88,"column":30},"end":{"line":93,"column":1}},"line":88},"12":{"name":"processLineByLine","decl":{"start":{"line":95,"column":15},"end":{"line":95,"column":32}},"loc":{"start":{"line":95,"column":48},"end":{"line":137,"column":1}},"line":95},"13":{"name":"getLinksWhenIsDirectory","decl":{"start":{"line":139,"column":9},"end":{"line":139,"column":32}},"loc":{"start":{"line":139,"column":56},"end":{"line":157,"column":1}},"line":139},"14":{"name":"(anonymous_14)","decl":{"start":{"line":140,"column":21},"end":{"line":140,"column":22}},"loc":{"start":{"line":140,"column":42},"end":{"line":156,"column":3}},"line":140},"15":{"name":"(anonymous_15)","decl":{"start":{"line":145,"column":45},"end":{"line":145,"column":46}},"loc":{"start":{"line":145,"column":65},"end":{"line":155,"column":5}},"line":145},"16":{"name":"(anonymous_16)","decl":{"start":{"line":147,"column":31},"end":{"line":147,"column":32}},"loc":{"start":{"line":147,"column":44},"end":{"line":153,"column":7}},"line":147},"17":{"name":"(anonymous_17)","decl":{"start":{"line":151,"column":28},"end":{"line":151,"column":29}},"loc":{"start":{"line":151,"column":36},"end":{"line":151,"column":53}},"line":151},"18":{"name":"(anonymous_18)","decl":{"start":{"line":161,"column":17},"end":{"line":161,"column":18}},"loc":{"start":{"line":161,"column":72},"end":{"line":179,"column":1}},"line":161},"19":{"name":"(anonymous_19)","decl":{"start":{"line":162,"column":21},"end":{"line":162,"column":22}},"loc":{"start":{"line":162,"column":42},"end":{"line":178,"column":3}},"line":162},"20":{"name":"(anonymous_20)","decl":{"start":{"line":170,"column":20},"end":{"line":170,"column":21}},"loc":{"start":{"line":170,"column":29},"end":{"line":176,"column":7}},"line":170}},"branchMap":{"0":{"loc":{"start":{"line":32,"column":2},"end":{"line":38,"column":3}},"type":"if","locations":[{"start":{"line":32,"column":2},"end":{"line":38,"column":3}},{"start":{"line":32,"column":2},"end":{"line":38,"column":3}}],"line":32},"1":{"loc":{"start":{"line":62,"column":4},"end":{"line":64,"column":5}},"type":"if","locations":[{"start":{"line":62,"column":4},"end":{"line":64,"column":5}},{"start":{"line":62,"column":4},"end":{"line":64,"column":5}}],"line":62},"2":{"loc":{"start":{"line":82,"column":2},"end":{"line":84,"column":3}},"type":"if","locations":[{"start":{"line":82,"column":2},"end":{"line":84,"column":3}},{"start":{"line":82,"column":2},"end":{"line":84,"column":3}}],"line":82},"3":{"loc":{"start":{"line":107,"column":4},"end":{"line":123,"column":5}},"type":"if","locations":[{"start":{"line":107,"column":4},"end":{"line":123,"column":5}},{"start":{"line":107,"column":4},"end":{"line":123,"column":5}}],"line":107},"4":{"loc":{"start":{"line":107,"column":8},"end":{"line":107,"column":52}},"type":"binary-expr","locations":[{"start":{"line":107,"column":8},"end":{"line":107,"column":30}},{"start":{"line":107,"column":34},"end":{"line":107,"column":52}}],"line":107},"5":{"loc":{"start":{"line":117,"column":6},"end":{"line":120,"column":7}},"type":"if","locations":[{"start":{"line":117,"column":6},"end":{"line":120,"column":7}},{"start":{"line":117,"column":6},"end":{"line":120,"column":7}}],"line":117},"6":{"loc":{"start":{"line":119,"column":29},"end":{"line":119,"column":73}},"type":"cond-expr","locations":[{"start":{"line":119,"column":60},"end":{"line":119,"column":66}},{"start":{"line":119,"column":69},"end":{"line":119,"column":73}}],"line":119},"7":{"loc":{"start":{"line":126,"column":2},"end":{"line":136,"column":3}},"type":"if","locations":[{"start":{"line":126,"column":2},"end":{"line":136,"column":3}},{"start":{"line":126,"column":2},"end":{"line":136,"column":3}}],"line":126},"8":{"loc":{"start":{"line":130,"column":4},"end":{"line":132,"column":5}},"type":"if","locations":[{"start":{"line":130,"column":4},"end":{"line":132,"column":5}},{"start":{"line":130,"column":4},"end":{"line":132,"column":5}}],"line":130},"9":{"loc":{"start":{"line":148,"column":8},"end":{"line":152,"column":9}},"type":"if","locations":[{"start":{"line":148,"column":8},"end":{"line":152,"column":9}},{"start":{"line":148,"column":8},"end":{"line":152,"column":9}}],"line":148},"10":{"loc":{"start":{"line":161,"column":24},"end":{"line":161,"column":67}},"type":"default-arg","locations":[{"start":{"line":161,"column":34},"end":{"line":161,"column":67}}],"line":161},"11":{"loc":{"start":{"line":164,"column":4},"end":{"line":177,"column":5}},"type":"if","locations":[{"start":{"line":164,"column":4},"end":{"line":177,"column":5}},{"start":{"line":164,"column":4},"end":{"line":177,"column":5}}],"line":164},"12":{"loc":{"start":{"line":171,"column":8},"end":{"line":175,"column":9}},"type":"if","locations":[{"start":{"line":171,"column":8},"end":{"line":175,"column":9}},{"start":{"line":171,"column":8},"end":{"line":175,"column":9}}],"line":171}},"s":{"0":2,"1":2,"2":2,"3":2,"4":2,"5":2,"6":2,"7":2,"8":5,"9":5,"10":4,"11":1,"12":1,"13":1,"14":1,"15":23,"16":23,"17":23,"18":23,"19":5,"20":5,"21":16,"22":8,"23":5,"24":9,"25":9,"26":27,"27":9,"28":9,"29":45,"30":45,"31":45,"32":45,"33":0,"34":45,"35":45,"36":45,"37":45,"38":45,"39":16,"40":16,"41":16,"42":16,"43":16,"44":16,"45":272,"46":272,"47":44,"48":44,"49":44,"50":22,"51":22,"52":44,"53":44,"54":272,"55":16,"56":8,"57":8,"58":8,"59":8,"60":4,"61":8,"62":8,"63":4,"64":4,"65":4,"66":4,"67":8,"68":4,"69":4,"70":4,"71":8,"72":4,"73":4,"74":10,"75":4,"76":2,"77":4,"78":4,"79":4,"80":4,"81":4,"82":0,"83":0,"84":0,"85":0,"86":0,"87":0,"88":2,"89":2,"90":2,"91":2,"92":2,"93":2,"94":2,"95":2,"96":2,"97":2},"f":{"0":5,"1":5,"2":1,"3":23,"4":23,"5":23,"6":5,"7":16,"8":9,"9":27,"10":45,"11":45,"12":16,"13":4,"14":4,"15":4,"16":8,"17":10,"18":4,"19":4,"20":0},"b":{"0":[4,1],"1":[8,8],"2":[0,45],"3":[44,228],"4":[272,44],"5":[22,22],"6":[12,10],"7":[8,8],"8":[4,4],"9":[4,4],"10":[0],"11":[4,0],"12":[0,0]},"_coverageSchema":"43e27e138ebf9cfc5966b082cf9a028302ed4184","hash":"70c02f2b05a871432b2c01c07e0e34ff3be8a823"}
}
