TN:
SF:/mnt/c/Users/saler/Documents/Programacion/SCL010-md-links/md-links.js
FN:27,checkMdFilesOrDirectory
FN:31,absoluteRoute
FN:41,getFileFromDirectory
FN:49,validate
FN:50,(anonymous_4)
FN:52,(anonymous_5)
FN:59,brokenLinks
FN:61,(anonymous_7)
FN:69,uniqueLinks
FN:71,(anonymous_9)
FN:78,getTextFromLine
FN:88,getUrlFromLine
FN:95,processLineByLine
FN:139,getLinksWhenIsDirectory
FN:140,(anonymous_14)
FN:145,(anonymous_15)
FN:147,(anonymous_16)
FN:151,(anonymous_17)
FN:161,(anonymous_18)
FN:162,(anonymous_19)
FN:170,(anonymous_20)
FNF:21
FNH:8
FNDA:1,checkMdFilesOrDirectory
FNDA:1,absoluteRoute
FNDA:1,getFileFromDirectory
FNDA:1,validate
FNDA:1,(anonymous_4)
FNDA:1,(anonymous_5)
FNDA:1,brokenLinks
FNDA:3,(anonymous_7)
FNDA:0,uniqueLinks
FNDA:0,(anonymous_9)
FNDA:0,getTextFromLine
FNDA:0,getUrlFromLine
FNDA:0,processLineByLine
FNDA:0,getLinksWhenIsDirectory
FNDA:0,(anonymous_14)
FNDA:0,(anonymous_15)
FNDA:0,(anonymous_16)
FNDA:0,(anonymous_17)
FNDA:0,(anonymous_18)
FNDA:0,(anonymous_19)
FNDA:0,(anonymous_20)
DA:2,1
DA:3,1
DA:4,1
DA:5,1
DA:6,1
DA:7,1
DA:8,1
DA:12,1
DA:28,1
DA:32,1
DA:33,0
DA:35,1
DA:36,1
DA:37,1
DA:42,1
DA:50,1
DA:52,1
DA:53,1
DA:54,1
DA:60,1
DA:61,1
DA:62,3
DA:63,2
DA:66,1
DA:70,0
DA:71,0
DA:72,0
DA:74,0
DA:75,0
DA:79,0
DA:80,0
DA:81,0
DA:82,0
DA:83,0
DA:85,0
DA:89,0
DA:90,0
DA:91,0
DA:92,0
DA:96,0
DA:97,0
DA:101,0
DA:102,0
DA:104,0
DA:105,0
DA:106,0
DA:107,0
DA:108,0
DA:111,0
DA:117,0
DA:118,0
DA:119,0
DA:121,0
DA:122,0
DA:124,0
DA:126,0
DA:127,0
DA:128,0
DA:129,0
DA:130,0
DA:131,0
DA:133,0
DA:135,0
DA:140,0
DA:141,0
DA:142,0
DA:143,0
DA:145,0
DA:146,0
DA:147,0
DA:148,0
DA:149,0
DA:151,0
DA:154,0
DA:161,1
DA:162,0
DA:163,0
DA:164,0
DA:165,0
DA:166,0
DA:168,0
DA:169,0
DA:170,0
DA:171,0
DA:172,0
DA:174,0
DA:180,1
DA:181,1
DA:182,1
DA:183,1
DA:184,1
DA:185,1
DA:186,1
LF:93
LH:31
BRDA:32,0,0,0
BRDA:32,0,1,1
BRDA:62,1,0,2
BRDA:62,1,1,1
BRDA:82,2,0,0
BRDA:82,2,1,0
BRDA:107,3,0,0
BRDA:107,3,1,0
BRDA:107,4,0,0
BRDA:107,4,1,0
BRDA:117,5,0,0
BRDA:117,5,1,0
BRDA:119,6,0,0
BRDA:119,6,1,0
BRDA:126,7,0,0
BRDA:126,7,1,0
BRDA:130,8,0,0
BRDA:130,8,1,0
BRDA:148,9,0,0
BRDA:148,9,1,0
BRDA:161,10,0,0
BRDA:164,11,0,0
BRDA:164,11,1,0
BRDA:171,12,0,0
BRDA:171,12,1,0
BRF:25
BRH:3
end_of_record
