TN:
SF:/mnt/c/Users/saler/Documents/Programacion/SCL010-md-links/md-links-terminal.js
FN:22,selectedOption
FN:30,(anonymous_1)
FN:40,(anonymous_2)
FN:42,(anonymous_3)
FN:44,(anonymous_4)
FN:48,(anonymous_5)
FN:71,printInTerminal
FN:75,(anonymous_7)
FNF:8
FNH:1
FNDA:1,selectedOption
FNDA:0,(anonymous_1)
FNDA:0,(anonymous_2)
FNDA:0,(anonymous_3)
FNDA:0,(anonymous_4)
FNDA:0,(anonymous_5)
FNDA:0,printInTerminal
FNDA:0,(anonymous_7)
DA:3,1
DA:4,1
DA:5,1
DA:7,1
DA:8,1
DA:11,1
DA:19,1
DA:23,1
DA:24,1
DA:25,1
DA:27,1
DA:30,1
DA:31,0
DA:32,0
DA:33,0
DA:35,0
DA:36,0
DA:38,0
DA:39,0
DA:40,0
DA:41,0
DA:42,0
DA:43,0
DA:44,0
DA:45,0
DA:48,0
DA:49,0
DA:58,0
DA:63,0
DA:67,1
DA:68,0
DA:72,0
DA:73,0
DA:75,0
DA:76,0
DA:88,1
DA:89,1
DA:90,1
LF:38
LH:16
BRDA:33,0,0,0
BRDA:33,0,1,0
BRDA:41,1,0,0
BRDA:41,1,1,0
BRDA:43,2,0,0
BRDA:43,2,1,0
BRDA:63,3,0,0
BRDA:63,3,1,0
BRDA:67,4,0,0
BRDA:67,4,1,1
BRDA:72,5,0,0
BRDA:72,5,1,0
BRDA:78,6,0,0
BRDA:78,6,1,0
BRF:14
BRH:1
end_of_record
TN:
SF:/mnt/c/Users/saler/Documents/Programacion/SCL010-md-links/md-links.js
FN:27,checkMdFilesOrDirectory
FN:31,absoluteRoute
FN:41,getFileFromDirectory
FN:49,validate
FN:50,(anonymous_4)
FN:52,(anonymous_5)
FN:59,brokenLinks
FN:61,(anonymous_7)
FN:69,uniqueLinks
FN:71,(anonymous_9)
FN:78,getTextFromLine
FN:88,getUrlFromLine
FN:95,processLineByLine
FN:139,getLinksWhenIsDirectory
FN:140,(anonymous_14)
FN:145,(anonymous_15)
FN:147,(anonymous_16)
FN:151,(anonymous_17)
FN:161,(anonymous_18)
FN:162,(anonymous_19)
FN:170,(anonymous_20)
FNF:21
FNH:20
FNDA:5,checkMdFilesOrDirectory
FNDA:5,absoluteRoute
FNDA:1,getFileFromDirectory
FNDA:23,validate
FNDA:23,(anonymous_4)
FNDA:23,(anonymous_5)
FNDA:5,brokenLinks
FNDA:16,(anonymous_7)
FNDA:9,uniqueLinks
FNDA:27,(anonymous_9)
FNDA:45,getTextFromLine
FNDA:45,getUrlFromLine
FNDA:16,processLineByLine
FNDA:4,getLinksWhenIsDirectory
FNDA:4,(anonymous_14)
FNDA:4,(anonymous_15)
FNDA:8,(anonymous_16)
FNDA:10,(anonymous_17)
FNDA:4,(anonymous_18)
FNDA:4,(anonymous_19)
FNDA:0,(anonymous_20)
DA:2,2
DA:3,2
DA:4,2
DA:5,2
DA:6,2
DA:7,2
DA:8,2
DA:12,2
DA:28,5
DA:32,5
DA:33,4
DA:35,1
DA:36,1
DA:37,1
DA:42,1
DA:50,23
DA:52,23
DA:53,23
DA:54,23
DA:60,5
DA:61,5
DA:62,16
DA:63,8
DA:66,5
DA:70,9
DA:71,9
DA:72,27
DA:74,9
DA:75,9
DA:79,45
DA:80,45
DA:81,45
DA:82,45
DA:83,0
DA:85,45
DA:89,45
DA:90,45
DA:91,45
DA:92,45
DA:96,16
DA:97,16
DA:101,16
DA:102,16
DA:104,16
DA:105,16
DA:106,272
DA:107,272
DA:108,44
DA:111,44
DA:117,44
DA:118,22
DA:119,22
DA:121,44
DA:122,44
DA:124,272
DA:126,16
DA:127,8
DA:128,8
DA:129,8
DA:130,8
DA:131,4
DA:133,8
DA:135,8
DA:140,4
DA:141,4
DA:142,4
DA:143,8
DA:145,4
DA:146,4
DA:147,4
DA:148,8
DA:149,4
DA:151,10
DA:154,4
DA:161,2
DA:162,4
DA:163,4
DA:164,4
DA:165,4
DA:166,4
DA:168,0
DA:169,0
DA:170,0
DA:171,0
DA:172,0
DA:174,0
DA:180,2
DA:181,2
DA:182,2
DA:183,2
DA:184,2
DA:185,2
DA:186,2
DA:187,2
DA:188,2
DA:189,2
LF:96
LH:89
BRDA:32,0,0,4
BRDA:32,0,1,1
BRDA:62,1,0,8
BRDA:62,1,1,8
BRDA:82,2,0,0
BRDA:82,2,1,45
BRDA:107,3,0,44
BRDA:107,3,1,228
BRDA:107,4,0,272
BRDA:107,4,1,44
BRDA:117,5,0,22
BRDA:117,5,1,22
BRDA:119,6,0,12
BRDA:119,6,1,10
BRDA:126,7,0,8
BRDA:126,7,1,8
BRDA:130,8,0,4
BRDA:130,8,1,4
BRDA:148,9,0,4
BRDA:148,9,1,4
BRDA:161,10,0,0
BRDA:164,11,0,4
BRDA:164,11,1,0
BRDA:171,12,0,0
BRDA:171,12,1,0
BRF:25
BRH:20
end_of_record
